2021-11-23 11:15:56,330 INFO org.hibernate.validator.internal.util.Version [background-preinit] HV000001: Hibernate Validator 6.2.0.Final
2021-11-23 11:15:56,946 INFO com.OnlineSportsShopApplication [main] Starting OnlineSportsShopApplication using Java 16.0.2 on DESKTOP-41JF8J5 with PID 20624 (C:\Users\MANOJ\Documents\workspace-spring-tool-suite-4-4.12.0.RELEASE\OnlineSportsShop\bin\main started by MANOJ in C:\Users\MANOJ\Documents\workspace-spring-tool-suite-4-4.12.0.RELEASE\OnlineSportsShop)
2021-11-23 11:15:56,947 INFO com.OnlineSportsShopApplication [main] No active profile set, falling back to default profiles: default
2021-11-23 11:16:14,265 INFO org.springframework.data.repository.config.RepositoryConfigurationDelegate [main] Bootstrapping Spring Data JPA repositories in DEFAULT mode.
2021-11-23 11:16:15,368 INFO org.springframework.data.repository.config.RepositoryConfigurationDelegate [main] Finished Spring Data repository scanning in 1057 ms. Found 8 JPA repository interfaces.
2021-11-23 11:16:21,281 INFO org.springframework.boot.web.embedded.tomcat.TomcatWebServer [main] Tomcat initialized with port(s): 8088 (http)
2021-11-23 11:16:21,374 INFO org.apache.coyote.http11.Http11NioProtocol [main] Initializing ProtocolHandler ["http-nio-8088"]
2021-11-23 11:16:21,376 INFO org.apache.catalina.core.StandardService [main] Starting service [Tomcat]
2021-11-23 11:16:21,377 INFO org.apache.catalina.core.StandardEngine [main] Starting Servlet engine: [Apache Tomcat/9.0.54]
2021-11-23 11:16:22,111 INFO org.apache.catalina.core.ContainerBase.[Tomcat].[localhost].[/] [main] Initializing Spring embedded WebApplicationContext
2021-11-23 11:16:22,112 INFO org.springframework.boot.web.servlet.context.ServletWebServerApplicationContext [main] Root WebApplicationContext: initialization completed in 24225 ms
2021-11-23 11:16:23,650 INFO org.hibernate.jpa.internal.util.LogHelper [main] HHH000204: Processing PersistenceUnitInfo [name: default]
2021-11-23 11:16:24,760 INFO org.hibernate.Version [main] HHH000412: Hibernate ORM core version 5.4.32.Final
2021-11-23 11:16:27,343 INFO org.hibernate.annotations.common.Version [main] HCANN000001: Hibernate Commons Annotations {5.1.2.Final}
2021-11-23 11:16:28,695 INFO com.zaxxer.hikari.HikariDataSource [main] HikariPool-1 - Starting...
2021-11-23 11:16:42,373 INFO com.zaxxer.hikari.HikariDataSource [main] HikariPool-1 - Start completed.
2021-11-23 11:16:42,636 INFO org.hibernate.dialect.Dialect [main] HHH000400: Using dialect: org.hibernate.dialect.PostgreSQLDialect
2021-11-23 11:16:49,619 INFO org.hibernate.engine.transaction.jta.platform.internal.JtaPlatformInitiator [main] HHH000490: Using JtaPlatform implementation: [org.hibernate.engine.transaction.jta.platform.internal.NoJtaPlatform]
2021-11-23 11:16:49,703 INFO org.springframework.orm.jpa.LocalContainerEntityManagerFactoryBean [main] Initialized JPA EntityManagerFactory for persistence unit 'default'
2021-11-23 11:16:54,110 WARN org.springframework.boot.autoconfigure.orm.jpa.JpaBaseConfiguration$JpaWebConfiguration [main] spring.jpa.open-in-view is enabled by default. Therefore, database queries may be performed during view rendering. Explicitly configure spring.jpa.open-in-view to disable this warning
2021-11-23 11:16:58,619 INFO org.apache.coyote.http11.Http11NioProtocol [main] Starting ProtocolHandler ["http-nio-8088"]
2021-11-23 11:16:58,730 INFO org.springframework.boot.web.embedded.tomcat.TomcatWebServer [main] Tomcat started on port(s): 8088 (http) with context path ''
2021-11-23 11:17:00,494 INFO com.OnlineSportsShopApplication [main] Started OnlineSportsShopApplication in 69.234 seconds (JVM running for 72.965)
2021-11-23 11:36:02,140 INFO org.apache.catalina.core.ContainerBase.[Tomcat].[localhost].[/] [http-nio-8088-exec-1] Initializing Spring DispatcherServlet 'dispatcherServlet'
2021-11-23 11:36:02,140 INFO org.springframework.web.servlet.DispatcherServlet [http-nio-8088-exec-1] Initializing Servlet 'dispatcherServlet'
2021-11-23 11:36:02,146 INFO org.springframework.web.servlet.DispatcherServlet [http-nio-8088-exec-1] Completed initialization in 6 ms
2021-11-23 12:03:14,422 INFO com.controller.AddressController [http-nio-8088-exec-10] addAddress URL is opened
2021-11-23 12:03:14,422 INFO com.controller.AddressController [http-nio-8088-exec-10] addAddress() is initiated
2021-11-23 12:03:14,423 INFO com.services.AddressServiceImpl [http-nio-8088-exec-10] addAddress() service is initiated
2021-11-23 12:03:14,615 INFO com.services.AddressServiceImpl [http-nio-8088-exec-10] addAddress() service has executed
2021-11-23 12:03:14,615 INFO com.controller.AddressController [http-nio-8088-exec-10] addAddress() has executed
2021-11-23 12:04:19,911 INFO com.controller.AddressController [http-nio-8088-exec-2] getAddressDetails URL is opened
2021-11-23 12:04:19,911 INFO com.controller.AddressController [http-nio-8088-exec-2] getAddress() is initiated
2021-11-23 12:04:19,911 INFO com.services.AddressServiceImpl [http-nio-8088-exec-2] getAddress() service is initiated
2021-11-23 12:04:20,417 INFO com.services.AddressServiceImpl [http-nio-8088-exec-2] getAddress() service has executed
2021-11-23 12:04:20,417 INFO com.controller.AddressController [http-nio-8088-exec-2] getAddress() has executed
2021-11-23 12:05:32,698 INFO com.controller.UserController [http-nio-8088-exec-4] signIn URL is opened
2021-11-23 12:05:32,698 INFO com.controller.UserController [http-nio-8088-exec-4] signIn() is initiated
2021-11-23 12:05:32,709 INFO com.controller.UserController [http-nio-8088-exec-4] signin() service is initiated
2021-11-23 12:05:32,764 ERROR org.apache.catalina.core.ContainerBase.[Tomcat].[localhost].[/].[dispatcherServlet] [http-nio-8088-exec-4] Servlet.service() for servlet [dispatcherServlet] in context with path [] threw exception [Request processing failed; nested exception is com.exceptions.UserException: No user found by the userid 509] with root cause
com.exceptions.UserException: No user found by the userid 509
	at com.services.UserServiceImpl.signIn(UserServiceImpl.java:44)
	at com.controller.UserController.signIn(UserController.java:39)
	at java.base/jdk.internal.reflect.NativeMethodAccessorImpl.invoke0(Native Method)
	at java.base/jdk.internal.reflect.NativeMethodAccessorImpl.invoke(NativeMethodAccessorImpl.java:78)
	at java.base/jdk.internal.reflect.DelegatingMethodAccessorImpl.invoke(DelegatingMethodAccessorImpl.java:43)
	at java.base/java.lang.reflect.Method.invoke(Method.java:567)
	at org.springframework.web.method.support.InvocableHandlerMethod.doInvoke(InvocableHandlerMethod.java:205)
	at org.springframework.web.method.support.InvocableHandlerMethod.invokeForRequest(InvocableHandlerMethod.java:150)
	at org.springframework.web.servlet.mvc.method.annotation.ServletInvocableHandlerMethod.invokeAndHandle(ServletInvocableHandlerMethod.java:117)
	at org.springframework.web.servlet.mvc.method.annotation.RequestMappingHandlerAdapter.invokeHandlerMethod(RequestMappingHandlerAdapter.java:895)
	at org.springframework.web.servlet.mvc.method.annotation.RequestMappingHandlerAdapter.handleInternal(RequestMappingHandlerAdapter.java:808)
	at org.springframework.web.servlet.mvc.method.AbstractHandlerMethodAdapter.handle(AbstractHandlerMethodAdapter.java:87)
	at org.springframework.web.servlet.DispatcherServlet.doDispatch(DispatcherServlet.java:1067)
	at org.springframework.web.servlet.DispatcherServlet.doService(DispatcherServlet.java:963)
	at org.springframework.web.servlet.FrameworkServlet.processRequest(FrameworkServlet.java:1006)
	at org.springframework.web.servlet.FrameworkServlet.doGet(FrameworkServlet.java:898)
	at javax.servlet.http.HttpServlet.service(HttpServlet.java:655)
	at org.springframework.web.servlet.FrameworkServlet.service(FrameworkServlet.java:883)
	at javax.servlet.http.HttpServlet.service(HttpServlet.java:764)
	at org.apache.catalina.core.ApplicationFilterChain.internalDoFilter(ApplicationFilterChain.java:227)
	at org.apache.catalina.core.ApplicationFilterChain.doFilter(ApplicationFilterChain.java:162)
	at org.apache.tomcat.websocket.server.WsFilter.doFilter(WsFilter.java:53)
	at org.apache.catalina.core.ApplicationFilterChain.internalDoFilter(ApplicationFilterChain.java:189)
	at org.apache.catalina.core.ApplicationFilterChain.doFilter(ApplicationFilterChain.java:162)
	at org.springframework.web.filter.RequestContextFilter.doFilterInternal(RequestContextFilter.java:100)
	at org.springframework.web.filter.OncePerRequestFilter.doFilter(OncePerRequestFilter.java:119)
	at org.apache.catalina.core.ApplicationFilterChain.internalDoFilter(ApplicationFilterChain.java:189)
	at org.apache.catalina.core.ApplicationFilterChain.doFilter(ApplicationFilterChain.java:162)
	at org.springframework.web.filter.FormContentFilter.doFilterInternal(FormContentFilter.java:93)
	at org.springframework.web.filter.OncePerRequestFilter.doFilter(OncePerRequestFilter.java:119)
	at org.apache.catalina.core.ApplicationFilterChain.internalDoFilter(ApplicationFilterChain.java:189)
	at org.apache.catalina.core.ApplicationFilterChain.doFilter(ApplicationFilterChain.java:162)
	at org.springframework.web.filter.CharacterEncodingFilter.doFilterInternal(CharacterEncodingFilter.java:201)
	at org.springframework.web.filter.OncePerRequestFilter.doFilter(OncePerRequestFilter.java:119)
	at org.apache.catalina.core.ApplicationFilterChain.internalDoFilter(ApplicationFilterChain.java:189)
	at org.apache.catalina.core.ApplicationFilterChain.doFilter(ApplicationFilterChain.java:162)
	at org.apache.catalina.core.StandardWrapperValve.invoke(StandardWrapperValve.java:197)
	at org.apache.catalina.core.StandardContextValve.invoke(StandardContextValve.java:97)
	at org.apache.catalina.authenticator.AuthenticatorBase.invoke(AuthenticatorBase.java:540)
	at org.apache.catalina.core.StandardHostValve.invoke(StandardHostValve.java:135)
	at org.apache.catalina.valves.ErrorReportValve.invoke(ErrorReportValve.java:92)
	at org.apache.catalina.core.StandardEngineValve.invoke(StandardEngineValve.java:78)
	at org.apache.catalina.connector.CoyoteAdapter.service(CoyoteAdapter.java:357)
	at org.apache.coyote.http11.Http11Processor.service(Http11Processor.java:382)
	at org.apache.coyote.AbstractProcessorLight.process(AbstractProcessorLight.java:65)
	at org.apache.coyote.AbstractProtocol$ConnectionHandler.process(AbstractProtocol.java:895)
	at org.apache.tomcat.util.net.NioEndpoint$SocketProcessor.doRun(NioEndpoint.java:1722)
	at org.apache.tomcat.util.net.SocketProcessorBase.run(SocketProcessorBase.java:49)
	at org.apache.tomcat.util.threads.ThreadPoolExecutor.runWorker(ThreadPoolExecutor.java:1191)
	at org.apache.tomcat.util.threads.ThreadPoolExecutor$Worker.run(ThreadPoolExecutor.java:659)
	at org.apache.tomcat.util.threads.TaskThread$WrappingRunnable.run(TaskThread.java:61)
	at java.base/java.lang.Thread.run(Thread.java:831)
2021-11-23 12:06:01,491 INFO com.controller.UserController [http-nio-8088-exec-6] sign-out URL is opened
2021-11-23 12:06:01,492 INFO com.controller.UserController [http-nio-8088-exec-6] signout() is initiated
2021-11-23 12:06:01,492 INFO com.controller.UserController [http-nio-8088-exec-6] signout() service is initiated
